Go
Free 5000 res
Giving 1469 res
Time: 22 | Resource: 3531
Returning 1469 res
Time: 201 | Resource: 5000
Giving 1866 res
Time: 774 | Resource: 3134
Returning 1866 res
Time: 970 | Resource: 5000
Giving 3176 res
Time: 1047 | Resource: 1824
Giving 1711 res
Time: 1049 | Resource: 113
Returning 3176 res
Time: 1492 | Resource: 3289
Giving 687 res
Time: 1745 | Resource: 2602
Returning 687 res
Time: 1858 | Resource: 3289
Returning 1711 res
Time: 2015 | Resource: 5000
Giving 2474 res
Time: 2453 | Resource: 2526
Giving 1963 res
Time: 2573 | Resource: 563
Can't give 4148 resources
Time: 2618 | Resource: 563
Can't give 2596 resources
Time: 2897 | Resource: 563
Can't give 3801 resources
Time: 3158 | Resource: 563
Returning 2474 res
Time: 3401 | Resource: 3037
Returning 1963 res
Time: 3476 | Resource: 5000
Giving 503 res
Time: 3880 | Resource: 4497
Returning 503 res
Time: 4147 | Resource: 5000
Giving 3371 res
Time: 4297 | Resource: 1629
Returning 3371 res
Time: 4364 | Resource: 5000
Giving 3686 res
Time: 4879 | Resource: 1314
Returning 3686 res
Time: 4965 | Resource: 5000
Giving 3494 res
Time: 5550 | Resource: 1506
Giving 1423 res
Time: 5650 | Resource: 83
Returning 1423 res
Time: 5731 | Resource: 1506
Can't give 1596 resources
Time: 5814 | Resource: 1506
Can't give 3090 resources
Time: 5820 | Resource: 1506
Can't give 4845 resources
Time: 5873 | Resource: 1506
Giving 479 res
Time: 6356 | Resource: 1027
Returning 3494 res
Time: 6520 | Resource: 4521
Giving 1934 res
Time: 7183 | Resource: 2587
Returning 479 res
Time: 7255 | Resource: 3066
Returning 1934 res
Time: 7534 | Resource: 5000
Giving 3262 res
Time: 7970 | Resource: 1738
Returning 3262 res
Time: 8246 | Resource: 5000
Giving 2673 res
Time: 8497 | Resource: 2327
Can't give 2568 resources
Time: 8845 | Resource: 2327
Can't give 4583 resources
Time: 8965 | Resource: 2327
Returning 2673 res
Time: 9245 | Resource: 5000
Giving 2736 res
Time: 9499 | Resource: 2264
Returning 2736 res
Time: 9914 | Resource: 5000
Stop
